#! /opt/homebrew/Cellar/icarus-verilog/12.0/bin/vvp
:ivl_version "12.0 (stable)";
:ivl_delay_selection "TYPICAL";
:vpi_time_precision + 0;
:vpi_module "/opt/homebrew/Cellar/icarus-verilog/12.0/lib/ivl/system.vpi";
:vpi_module "/opt/homebrew/Cellar/icarus-verilog/12.0/lib/ivl/vhdl_sys.vpi";
:vpi_module "/opt/homebrew/Cellar/icarus-verilog/12.0/lib/ivl/vhdl_textio.vpi";
:vpi_module "/opt/homebrew/Cellar/icarus-verilog/12.0/lib/ivl/v2005_math.vpi";
:vpi_module "/opt/homebrew/Cellar/icarus-verilog/12.0/lib/ivl/va_math.vpi";
S_0x14860b970 .scope module, "cpu_tb" "cpu_tb" 2 2;
 .timescale 0 0;
v0x60000333a6d0_0 .var "clk", 0 0;
v0x60000333a760_0 .net "r0", 7 0, L_0x600002a390a0;  1 drivers
v0x60000333a7f0_0 .net "r1", 7 0, L_0x600002a39110;  1 drivers
v0x60000333a880_0 .net "r2", 7 0, L_0x600002a39180;  1 drivers
E_0x60000143b5c0 .event negedge, v0x600003339170_0;
S_0x148604970 .scope module, "uut" "cpu" 2 6, 3 6 0, S_0x14860b970;
 .timescale 0 0;
    .port_info 0 /INPUT 1 "clk";
    .port_info 1 /OUTPUT 8 "debug_r0";
    .port_info 2 /OUTPUT 8 "debug_r1";
    .port_info 3 /OUTPUT 8 "debug_r2";
v0x600003339f80_0 .net "alu_out", 7 0, v0x6000033390e0_0;  1 drivers
v0x60000333a010_0 .net "clk", 0 0, v0x60000333a6d0_0;  1 drivers
v0x60000333a0a0_0 .net "debug_r0", 7 0, L_0x600002a390a0;  alias, 1 drivers
v0x60000333a130_0 .net "debug_r1", 7 0, L_0x600002a39110;  alias, 1 drivers
v0x60000333a1c0_0 .net "debug_r2", 7 0, L_0x600002a39180;  alias, 1 drivers
v0x60000333a250_0 .net "instr", 15 0, v0x600003339dd0_0;  1 drivers
v0x60000333a2e0_0 .net "opcode", 3 0, L_0x600003038280;  1 drivers
v0x60000333a370_0 .net "pc_val", 7 0, v0x600003339200_0;  1 drivers
v0x60000333a400_0 .net "rd", 2 0, L_0x600003038140;  1 drivers
v0x60000333a490_0 .net "rdata1", 7 0, L_0x600002a38d90;  1 drivers
v0x60000333a520_0 .net "rdata2", 7 0, L_0x600002a39030;  1 drivers
v0x60000333a5b0_0 .net "rs1", 2 0, L_0x6000030383c0;  1 drivers
v0x60000333a640_0 .net "rs2", 2 0, L_0x600003038460;  1 drivers
L_0x600003038280 .part v0x600003339dd0_0, 12, 4;
L_0x600003038140 .part v0x600003339dd0_0, 9, 3;
L_0x6000030383c0 .part v0x600003339dd0_0, 6, 3;
L_0x600003038460 .part v0x600003339dd0_0, 3, 3;
L_0x600003038780 .part L_0x600003038280, 0, 3;
S_0x148604ae0 .scope module, "alu0" "alu" 3 56, 4 1 0, S_0x148604970;
 .timescale 0 0;
    .port_info 0 /INPUT 3 "op";
    .port_info 1 /INPUT 8 "a";
    .port_info 2 /INPUT 8 "b";
    .port_info 3 /OUTPUT 8 "y";
v0x600003338f30_0 .net "a", 7 0, L_0x600002a38d90;  alias, 1 drivers
v0x600003338fc0_0 .net "b", 7 0, L_0x600002a39030;  alias, 1 drivers
v0x600003339050_0 .net "op", 2 0, L_0x600003038780;  1 drivers
v0x6000033390e0_0 .var "y", 7 0;
E_0x60000143b600 .event anyedge, v0x600003339050_0, v0x600003338f30_0, v0x600003338fc0_0;
S_0x148605060 .scope module, "pc0" "pc" 3 19, 5 1 0, S_0x148604970;
 .timescale 0 0;
    .port_info 0 /INPUT 1 "clk";
    .port_info 1 /INPUT 1 "pc_write_en";
    .port_info 2 /OUTPUT 8 "pc_out";
v0x600003339170_0 .net "clk", 0 0, v0x60000333a6d0_0;  alias, 1 drivers
v0x600003339200_0 .var "pc_out", 7 0;
L_0x150078010 .functor BUFT 1, C4<1>, C4<0>, C4<0>, C4<0>;
v0x600003339290_0 .net "pc_write_en", 0 0, L_0x150078010;  1 drivers
E_0x60000143b640 .event posedge, v0x600003339170_0;
S_0x1486051d0 .scope module, "rf" "regfile" 3 40, 6 1 0, S_0x148604970;
 .timescale 0 0;
    .port_info 0 /INPUT 1 "clk";
    .port_info 1 /INPUT 1 "we";
    .port_info 2 /INPUT 3 "waddr";
    .port_info 3 /INPUT 8 "wdata";
    .port_info 4 /INPUT 3 "raddr1";
    .port_info 5 /INPUT 3 "raddr2";
    .port_info 6 /OUTPUT 8 "rdata1";
    .port_info 7 /OUTPUT 8 "rdata2";
    .port_info 8 /OUTPUT 8 "debug_r0";
    .port_info 9 /OUTPUT 8 "debug_r1";
    .port_info 10 /OUTPUT 8 "debug_r2";
L_0x600002a38d90 .functor BUFZ 8, L_0x600003038500, C4<00000000>, C4<00000000>, C4<00000000>;
L_0x600002a39030 .functor BUFZ 8, L_0x600003038640, C4<00000000>, C4<00000000>, C4<00000000>;
v0x600003339b00_0 .array/port v0x600003339b00, 0;
L_0x600002a390a0 .functor BUFZ 8, v0x600003339b00_0, C4<00000000>, C4<00000000>, C4<00000000>;
v0x600003339b00_1 .array/port v0x600003339b00, 1;
L_0x600002a39110 .functor BUFZ 8, v0x600003339b00_1, C4<00000000>, C4<00000000>, C4<00000000>;
v0x600003339b00_2 .array/port v0x600003339b00, 2;
L_0x600002a39180 .functor BUFZ 8, v0x600003339b00_2, C4<00000000>, C4<00000000>, C4<00000000>;
v0x600003339320_0 .net *"_ivl_0", 7 0, L_0x600003038500;  1 drivers
v0x6000033393b0_0 .net *"_ivl_10", 4 0, L_0x6000030386e0;  1 drivers
L_0x1500780a0 .functor BUFT 1, C4<00>, C4<0>, C4<0>, C4<0>;
v0x600003339440_0 .net *"_ivl_13", 1 0, L_0x1500780a0;  1 drivers
v0x6000033394d0_0 .net *"_ivl_2", 4 0, L_0x6000030385a0;  1 drivers
L_0x150078058 .functor BUFT 1, C4<00>, C4<0>, C4<0>, C4<0>;
v0x600003339560_0 .net *"_ivl_5", 1 0, L_0x150078058;  1 drivers
v0x6000033395f0_0 .net *"_ivl_8", 7 0, L_0x600003038640;  1 drivers
v0x600003339680_0 .net "clk", 0 0, v0x60000333a6d0_0;  alias, 1 drivers
v0x600003339710_0 .net "debug_r0", 7 0, L_0x600002a390a0;  alias, 1 drivers
v0x6000033397a0_0 .net "debug_r1", 7 0, L_0x600002a39110;  alias, 1 drivers
v0x600003339830_0 .net "debug_r2", 7 0, L_0x600002a39180;  alias, 1 drivers
v0x6000033398c0_0 .net "raddr1", 2 0, L_0x6000030383c0;  alias, 1 drivers
v0x600003339950_0 .net "raddr2", 2 0, L_0x600003038460;  alias, 1 drivers
v0x6000033399e0_0 .net "rdata1", 7 0, L_0x600002a38d90;  alias, 1 drivers
v0x600003339a70_0 .net "rdata2", 7 0, L_0x600002a39030;  alias, 1 drivers
v0x600003339b00 .array "regs", 0 7, 7 0;
v0x600003339b90_0 .net "waddr", 2 0, L_0x600003038140;  alias, 1 drivers
v0x600003339c20_0 .net "wdata", 7 0, v0x6000033390e0_0;  alias, 1 drivers
L_0x1500780e8 .functor BUFT 1, C4<1>, C4<0>, C4<0>, C4<0>;
v0x600003339cb0_0 .net "we", 0 0, L_0x1500780e8;  1 drivers
L_0x600003038500 .array/port v0x600003339b00, L_0x6000030385a0;
L_0x6000030385a0 .concat [ 3 2 0 0], L_0x6000030383c0, L_0x150078058;
L_0x600003038640 .array/port v0x600003339b00, L_0x6000030386e0;
L_0x6000030386e0 .concat [ 3 2 0 0], L_0x600003038460, L_0x1500780a0;
S_0x148605e40 .scope module, "rom0" "rom" 3 25, 7 1 0, S_0x148604970;
 .timescale 0 0;
    .port_info 0 /INPUT 8 "addr";
    .port_info 1 /OUTPUT 16 "data";
v0x600003339d40_0 .net "addr", 7 0, v0x600003339200_0;  alias, 1 drivers
v0x600003339dd0_0 .var "data", 15 0;
v0x600003339e60_0 .var/i "i", 31 0;
v0x600003339ef0 .array "mem", 255 0, 15 0;
v0x600003339ef0_0 .array/port v0x600003339ef0, 0;
v0x600003339ef0_1 .array/port v0x600003339ef0, 1;
v0x600003339ef0_2 .array/port v0x600003339ef0, 2;
E_0x60000143b6c0/0 .event anyedge, v0x600003339200_0, v0x600003339ef0_0, v0x600003339ef0_1, v0x600003339ef0_2;
v0x600003339ef0_3 .array/port v0x600003339ef0, 3;
v0x600003339ef0_4 .array/port v0x600003339ef0, 4;
v0x600003339ef0_5 .array/port v0x600003339ef0, 5;
v0x600003339ef0_6 .array/port v0x600003339ef0, 6;
E_0x60000143b6c0/1 .event anyedge, v0x600003339ef0_3, v0x600003339ef0_4, v0x600003339ef0_5, v0x600003339ef0_6;
v0x600003339ef0_7 .array/port v0x600003339ef0, 7;
v0x600003339ef0_8 .array/port v0x600003339ef0, 8;
v0x600003339ef0_9 .array/port v0x600003339ef0, 9;
v0x600003339ef0_10 .array/port v0x600003339ef0, 10;
E_0x60000143b6c0/2 .event anyedge, v0x600003339ef0_7, v0x600003339ef0_8, v0x600003339ef0_9, v0x600003339ef0_10;
v0x600003339ef0_11 .array/port v0x600003339ef0, 11;
v0x600003339ef0_12 .array/port v0x600003339ef0, 12;
v0x600003339ef0_13 .array/port v0x600003339ef0, 13;
v0x600003339ef0_14 .array/port v0x600003339ef0, 14;
E_0x60000143b6c0/3 .event anyedge, v0x600003339ef0_11, v0x600003339ef0_12, v0x600003339ef0_13, v0x600003339ef0_14;
v0x600003339ef0_15 .array/port v0x600003339ef0, 15;
v0x600003339ef0_16 .array/port v0x600003339ef0, 16;
v0x600003339ef0_17 .array/port v0x600003339ef0, 17;
v0x600003339ef0_18 .array/port v0x600003339ef0, 18;
E_0x60000143b6c0/4 .event anyedge, v0x600003339ef0_15, v0x600003339ef0_16, v0x600003339ef0_17, v0x600003339ef0_18;
v0x600003339ef0_19 .array/port v0x600003339ef0, 19;
v0x600003339ef0_20 .array/port v0x600003339ef0, 20;
v0x600003339ef0_21 .array/port v0x600003339ef0, 21;
v0x600003339ef0_22 .array/port v0x600003339ef0, 22;
E_0x60000143b6c0/5 .event anyedge, v0x600003339ef0_19, v0x600003339ef0_20, v0x600003339ef0_21, v0x600003339ef0_22;
v0x600003339ef0_23 .array/port v0x600003339ef0, 23;
v0x600003339ef0_24 .array/port v0x600003339ef0, 24;
v0x600003339ef0_25 .array/port v0x600003339ef0, 25;
v0x600003339ef0_26 .array/port v0x600003339ef0, 26;
E_0x60000143b6c0/6 .event anyedge, v0x600003339ef0_23, v0x600003339ef0_24, v0x600003339ef0_25, v0x600003339ef0_26;
v0x600003339ef0_27 .array/port v0x600003339ef0, 27;
v0x600003339ef0_28 .array/port v0x600003339ef0, 28;
v0x600003339ef0_29 .array/port v0x600003339ef0, 29;
v0x600003339ef0_30 .array/port v0x600003339ef0, 30;
E_0x60000143b6c0/7 .event anyedge, v0x600003339ef0_27, v0x600003339ef0_28, v0x600003339ef0_29, v0x600003339ef0_30;
v0x600003339ef0_31 .array/port v0x600003339ef0, 31;
v0x600003339ef0_32 .array/port v0x600003339ef0, 32;
v0x600003339ef0_33 .array/port v0x600003339ef0, 33;
v0x600003339ef0_34 .array/port v0x600003339ef0, 34;
E_0x60000143b6c0/8 .event anyedge, v0x600003339ef0_31, v0x600003339ef0_32, v0x600003339ef0_33, v0x600003339ef0_34;
v0x600003339ef0_35 .array/port v0x600003339ef0, 35;
v0x600003339ef0_36 .array/port v0x600003339ef0, 36;
v0x600003339ef0_37 .array/port v0x600003339ef0, 37;
v0x600003339ef0_38 .array/port v0x600003339ef0, 38;
E_0x60000143b6c0/9 .event anyedge, v0x600003339ef0_35, v0x600003339ef0_36, v0x600003339ef0_37, v0x600003339ef0_38;
v0x600003339ef0_39 .array/port v0x600003339ef0, 39;
v0x600003339ef0_40 .array/port v0x600003339ef0, 40;
v0x600003339ef0_41 .array/port v0x600003339ef0, 41;
v0x600003339ef0_42 .array/port v0x600003339ef0, 42;
E_0x60000143b6c0/10 .event anyedge, v0x600003339ef0_39, v0x600003339ef0_40, v0x600003339ef0_41, v0x600003339ef0_42;
v0x600003339ef0_43 .array/port v0x600003339ef0, 43;
v0x600003339ef0_44 .array/port v0x600003339ef0, 44;
v0x600003339ef0_45 .array/port v0x600003339ef0, 45;
v0x600003339ef0_46 .array/port v0x600003339ef0, 46;
E_0x60000143b6c0/11 .event anyedge, v0x600003339ef0_43, v0x600003339ef0_44, v0x600003339ef0_45, v0x600003339ef0_46;
v0x600003339ef0_47 .array/port v0x600003339ef0, 47;
v0x600003339ef0_48 .array/port v0x600003339ef0, 48;
v0x600003339ef0_49 .array/port v0x600003339ef0, 49;
v0x600003339ef0_50 .array/port v0x600003339ef0, 50;
E_0x60000143b6c0/12 .event anyedge, v0x600003339ef0_47, v0x600003339ef0_48, v0x600003339ef0_49, v0x600003339ef0_50;
v0x600003339ef0_51 .array/port v0x600003339ef0, 51;
v0x600003339ef0_52 .array/port v0x600003339ef0, 52;
v0x600003339ef0_53 .array/port v0x600003339ef0, 53;
v0x600003339ef0_54 .array/port v0x600003339ef0, 54;
E_0x60000143b6c0/13 .event anyedge, v0x600003339ef0_51, v0x600003339ef0_52, v0x600003339ef0_53, v0x600003339ef0_54;
v0x600003339ef0_55 .array/port v0x600003339ef0, 55;
v0x600003339ef0_56 .array/port v0x600003339ef0, 56;
v0x600003339ef0_57 .array/port v0x600003339ef0, 57;
v0x600003339ef0_58 .array/port v0x600003339ef0, 58;
E_0x60000143b6c0/14 .event anyedge, v0x600003339ef0_55, v0x600003339ef0_56, v0x600003339ef0_57, v0x600003339ef0_58;
v0x600003339ef0_59 .array/port v0x600003339ef0, 59;
v0x600003339ef0_60 .array/port v0x600003339ef0, 60;
v0x600003339ef0_61 .array/port v0x600003339ef0, 61;
v0x600003339ef0_62 .array/port v0x600003339ef0, 62;
E_0x60000143b6c0/15 .event anyedge, v0x600003339ef0_59, v0x600003339ef0_60, v0x600003339ef0_61, v0x600003339ef0_62;
v0x600003339ef0_63 .array/port v0x600003339ef0, 63;
v0x600003339ef0_64 .array/port v0x600003339ef0, 64;
v0x600003339ef0_65 .array/port v0x600003339ef0, 65;
v0x600003339ef0_66 .array/port v0x600003339ef0, 66;
E_0x60000143b6c0/16 .event anyedge, v0x600003339ef0_63, v0x600003339ef0_64, v0x600003339ef0_65, v0x600003339ef0_66;
v0x600003339ef0_67 .array/port v0x600003339ef0, 67;
v0x600003339ef0_68 .array/port v0x600003339ef0, 68;
v0x600003339ef0_69 .array/port v0x600003339ef0, 69;
v0x600003339ef0_70 .array/port v0x600003339ef0, 70;
E_0x60000143b6c0/17 .event anyedge, v0x600003339ef0_67, v0x600003339ef0_68, v0x600003339ef0_69, v0x600003339ef0_70;
v0x600003339ef0_71 .array/port v0x600003339ef0, 71;
v0x600003339ef0_72 .array/port v0x600003339ef0, 72;
v0x600003339ef0_73 .array/port v0x600003339ef0, 73;
v0x600003339ef0_74 .array/port v0x600003339ef0, 74;
E_0x60000143b6c0/18 .event anyedge, v0x600003339ef0_71, v0x600003339ef0_72, v0x600003339ef0_73, v0x600003339ef0_74;
v0x600003339ef0_75 .array/port v0x600003339ef0, 75;
v0x600003339ef0_76 .array/port v0x600003339ef0, 76;
v0x600003339ef0_77 .array/port v0x600003339ef0, 77;
v0x600003339ef0_78 .array/port v0x600003339ef0, 78;
E_0x60000143b6c0/19 .event anyedge, v0x600003339ef0_75, v0x600003339ef0_76, v0x600003339ef0_77, v0x600003339ef0_78;
v0x600003339ef0_79 .array/port v0x600003339ef0, 79;
v0x600003339ef0_80 .array/port v0x600003339ef0, 80;
v0x600003339ef0_81 .array/port v0x600003339ef0, 81;
v0x600003339ef0_82 .array/port v0x600003339ef0, 82;
E_0x60000143b6c0/20 .event anyedge, v0x600003339ef0_79, v0x600003339ef0_80, v0x600003339ef0_81, v0x600003339ef0_82;
v0x600003339ef0_83 .array/port v0x600003339ef0, 83;
v0x600003339ef0_84 .array/port v0x600003339ef0, 84;
v0x600003339ef0_85 .array/port v0x600003339ef0, 85;
v0x600003339ef0_86 .array/port v0x600003339ef0, 86;
E_0x60000143b6c0/21 .event anyedge, v0x600003339ef0_83, v0x600003339ef0_84, v0x600003339ef0_85, v0x600003339ef0_86;
v0x600003339ef0_87 .array/port v0x600003339ef0, 87;
v0x600003339ef0_88 .array/port v0x600003339ef0, 88;
v0x600003339ef0_89 .array/port v0x600003339ef0, 89;
v0x600003339ef0_90 .array/port v0x600003339ef0, 90;
E_0x60000143b6c0/22 .event anyedge, v0x600003339ef0_87, v0x600003339ef0_88, v0x600003339ef0_89, v0x600003339ef0_90;
v0x600003339ef0_91 .array/port v0x600003339ef0, 91;
v0x600003339ef0_92 .array/port v0x600003339ef0, 92;
v0x600003339ef0_93 .array/port v0x600003339ef0, 93;
v0x600003339ef0_94 .array/port v0x600003339ef0, 94;
E_0x60000143b6c0/23 .event anyedge, v0x600003339ef0_91, v0x600003339ef0_92, v0x600003339ef0_93, v0x600003339ef0_94;
v0x600003339ef0_95 .array/port v0x600003339ef0, 95;
v0x600003339ef0_96 .array/port v0x600003339ef0, 96;
v0x600003339ef0_97 .array/port v0x600003339ef0, 97;
v0x600003339ef0_98 .array/port v0x600003339ef0, 98;
E_0x60000143b6c0/24 .event anyedge, v0x600003339ef0_95, v0x600003339ef0_96, v0x600003339ef0_97, v0x600003339ef0_98;
v0x600003339ef0_99 .array/port v0x600003339ef0, 99;
v0x600003339ef0_100 .array/port v0x600003339ef0, 100;
v0x600003339ef0_101 .array/port v0x600003339ef0, 101;
v0x600003339ef0_102 .array/port v0x600003339ef0, 102;
E_0x60000143b6c0/25 .event anyedge, v0x600003339ef0_99, v0x600003339ef0_100, v0x600003339ef0_101, v0x600003339ef0_102;
v0x600003339ef0_103 .array/port v0x600003339ef0, 103;
v0x600003339ef0_104 .array/port v0x600003339ef0, 104;
v0x600003339ef0_105 .array/port v0x600003339ef0, 105;
v0x600003339ef0_106 .array/port v0x600003339ef0, 106;
E_0x60000143b6c0/26 .event anyedge, v0x600003339ef0_103, v0x600003339ef0_104, v0x600003339ef0_105, v0x600003339ef0_106;
v0x600003339ef0_107 .array/port v0x600003339ef0, 107;
v0x600003339ef0_108 .array/port v0x600003339ef0, 108;
v0x600003339ef0_109 .array/port v0x600003339ef0, 109;
v0x600003339ef0_110 .array/port v0x600003339ef0, 110;
E_0x60000143b6c0/27 .event anyedge, v0x600003339ef0_107, v0x600003339ef0_108, v0x600003339ef0_109, v0x600003339ef0_110;
v0x600003339ef0_111 .array/port v0x600003339ef0, 111;
v0x600003339ef0_112 .array/port v0x600003339ef0, 112;
v0x600003339ef0_113 .array/port v0x600003339ef0, 113;
v0x600003339ef0_114 .array/port v0x600003339ef0, 114;
E_0x60000143b6c0/28 .event anyedge, v0x600003339ef0_111, v0x600003339ef0_112, v0x600003339ef0_113, v0x600003339ef0_114;
v0x600003339ef0_115 .array/port v0x600003339ef0, 115;
v0x600003339ef0_116 .array/port v0x600003339ef0, 116;
v0x600003339ef0_117 .array/port v0x600003339ef0, 117;
v0x600003339ef0_118 .array/port v0x600003339ef0, 118;
E_0x60000143b6c0/29 .event anyedge, v0x600003339ef0_115, v0x600003339ef0_116, v0x600003339ef0_117, v0x600003339ef0_118;
v0x600003339ef0_119 .array/port v0x600003339ef0, 119;
v0x600003339ef0_120 .array/port v0x600003339ef0, 120;
v0x600003339ef0_121 .array/port v0x600003339ef0, 121;
v0x600003339ef0_122 .array/port v0x600003339ef0, 122;
E_0x60000143b6c0/30 .event anyedge, v0x600003339ef0_119, v0x600003339ef0_120, v0x600003339ef0_121, v0x600003339ef0_122;
v0x600003339ef0_123 .array/port v0x600003339ef0, 123;
v0x600003339ef0_124 .array/port v0x600003339ef0, 124;
v0x600003339ef0_125 .array/port v0x600003339ef0, 125;
v0x600003339ef0_126 .array/port v0x600003339ef0, 126;
E_0x60000143b6c0/31 .event anyedge, v0x600003339ef0_123, v0x600003339ef0_124, v0x600003339ef0_125, v0x600003339ef0_126;
v0x600003339ef0_127 .array/port v0x600003339ef0, 127;
v0x600003339ef0_128 .array/port v0x600003339ef0, 128;
v0x600003339ef0_129 .array/port v0x600003339ef0, 129;
v0x600003339ef0_130 .array/port v0x600003339ef0, 130;
E_0x60000143b6c0/32 .event anyedge, v0x600003339ef0_127, v0x600003339ef0_128, v0x600003339ef0_129, v0x600003339ef0_130;
v0x600003339ef0_131 .array/port v0x600003339ef0, 131;
v0x600003339ef0_132 .array/port v0x600003339ef0, 132;
v0x600003339ef0_133 .array/port v0x600003339ef0, 133;
v0x600003339ef0_134 .array/port v0x600003339ef0, 134;
E_0x60000143b6c0/33 .event anyedge, v0x600003339ef0_131, v0x600003339ef0_132, v0x600003339ef0_133, v0x600003339ef0_134;
v0x600003339ef0_135 .array/port v0x600003339ef0, 135;
v0x600003339ef0_136 .array/port v0x600003339ef0, 136;
v0x600003339ef0_137 .array/port v0x600003339ef0, 137;
v0x600003339ef0_138 .array/port v0x600003339ef0, 138;
E_0x60000143b6c0/34 .event anyedge, v0x600003339ef0_135, v0x600003339ef0_136, v0x600003339ef0_137, v0x600003339ef0_138;
v0x600003339ef0_139 .array/port v0x600003339ef0, 139;
v0x600003339ef0_140 .array/port v0x600003339ef0, 140;
v0x600003339ef0_141 .array/port v0x600003339ef0, 141;
v0x600003339ef0_142 .array/port v0x600003339ef0, 142;
E_0x60000143b6c0/35 .event anyedge, v0x600003339ef0_139, v0x600003339ef0_140, v0x600003339ef0_141, v0x600003339ef0_142;
v0x600003339ef0_143 .array/port v0x600003339ef0, 143;
v0x600003339ef0_144 .array/port v0x600003339ef0, 144;
v0x600003339ef0_145 .array/port v0x600003339ef0, 145;
v0x600003339ef0_146 .array/port v0x600003339ef0, 146;
E_0x60000143b6c0/36 .event anyedge, v0x600003339ef0_143, v0x600003339ef0_144, v0x600003339ef0_145, v0x600003339ef0_146;
v0x600003339ef0_147 .array/port v0x600003339ef0, 147;
v0x600003339ef0_148 .array/port v0x600003339ef0, 148;
v0x600003339ef0_149 .array/port v0x600003339ef0, 149;
v0x600003339ef0_150 .array/port v0x600003339ef0, 150;
E_0x60000143b6c0/37 .event anyedge, v0x600003339ef0_147, v0x600003339ef0_148, v0x600003339ef0_149, v0x600003339ef0_150;
v0x600003339ef0_151 .array/port v0x600003339ef0, 151;
v0x600003339ef0_152 .array/port v0x600003339ef0, 152;
v0x600003339ef0_153 .array/port v0x600003339ef0, 153;
v0x600003339ef0_154 .array/port v0x600003339ef0, 154;
E_0x60000143b6c0/38 .event anyedge, v0x600003339ef0_151, v0x600003339ef0_152, v0x600003339ef0_153, v0x600003339ef0_154;
v0x600003339ef0_155 .array/port v0x600003339ef0, 155;
v0x600003339ef0_156 .array/port v0x600003339ef0, 156;
v0x600003339ef0_157 .array/port v0x600003339ef0, 157;
v0x600003339ef0_158 .array/port v0x600003339ef0, 158;
E_0x60000143b6c0/39 .event anyedge, v0x600003339ef0_155, v0x600003339ef0_156, v0x600003339ef0_157, v0x600003339ef0_158;
v0x600003339ef0_159 .array/port v0x600003339ef0, 159;
v0x600003339ef0_160 .array/port v0x600003339ef0, 160;
v0x600003339ef0_161 .array/port v0x600003339ef0, 161;
v0x600003339ef0_162 .array/port v0x600003339ef0, 162;
E_0x60000143b6c0/40 .event anyedge, v0x600003339ef0_159, v0x600003339ef0_160, v0x600003339ef0_161, v0x600003339ef0_162;
v0x600003339ef0_163 .array/port v0x600003339ef0, 163;
v0x600003339ef0_164 .array/port v0x600003339ef0, 164;
v0x600003339ef0_165 .array/port v0x600003339ef0, 165;
v0x600003339ef0_166 .array/port v0x600003339ef0, 166;
E_0x60000143b6c0/41 .event anyedge, v0x600003339ef0_163, v0x600003339ef0_164, v0x600003339ef0_165, v0x600003339ef0_166;
v0x600003339ef0_167 .array/port v0x600003339ef0, 167;
v0x600003339ef0_168 .array/port v0x600003339ef0, 168;
v0x600003339ef0_169 .array/port v0x600003339ef0, 169;
v0x600003339ef0_170 .array/port v0x600003339ef0, 170;
E_0x60000143b6c0/42 .event anyedge, v0x600003339ef0_167, v0x600003339ef0_168, v0x600003339ef0_169, v0x600003339ef0_170;
v0x600003339ef0_171 .array/port v0x600003339ef0, 171;
v0x600003339ef0_172 .array/port v0x600003339ef0, 172;
v0x600003339ef0_173 .array/port v0x600003339ef0, 173;
v0x600003339ef0_174 .array/port v0x600003339ef0, 174;
E_0x60000143b6c0/43 .event anyedge, v0x600003339ef0_171, v0x600003339ef0_172, v0x600003339ef0_173, v0x600003339ef0_174;
v0x600003339ef0_175 .array/port v0x600003339ef0, 175;
v0x600003339ef0_176 .array/port v0x600003339ef0, 176;
v0x600003339ef0_177 .array/port v0x600003339ef0, 177;
v0x600003339ef0_178 .array/port v0x600003339ef0, 178;
E_0x60000143b6c0/44 .event anyedge, v0x600003339ef0_175, v0x600003339ef0_176, v0x600003339ef0_177, v0x600003339ef0_178;
v0x600003339ef0_179 .array/port v0x600003339ef0, 179;
v0x600003339ef0_180 .array/port v0x600003339ef0, 180;
v0x600003339ef0_181 .array/port v0x600003339ef0, 181;
v0x600003339ef0_182 .array/port v0x600003339ef0, 182;
E_0x60000143b6c0/45 .event anyedge, v0x600003339ef0_179, v0x600003339ef0_180, v0x600003339ef0_181, v0x600003339ef0_182;
v0x600003339ef0_183 .array/port v0x600003339ef0, 183;
v0x600003339ef0_184 .array/port v0x600003339ef0, 184;
v0x600003339ef0_185 .array/port v0x600003339ef0, 185;
v0x600003339ef0_186 .array/port v0x600003339ef0, 186;
E_0x60000143b6c0/46 .event anyedge, v0x600003339ef0_183, v0x600003339ef0_184, v0x600003339ef0_185, v0x600003339ef0_186;
v0x600003339ef0_187 .array/port v0x600003339ef0, 187;
v0x600003339ef0_188 .array/port v0x600003339ef0, 188;
v0x600003339ef0_189 .array/port v0x600003339ef0, 189;
v0x600003339ef0_190 .array/port v0x600003339ef0, 190;
E_0x60000143b6c0/47 .event anyedge, v0x600003339ef0_187, v0x600003339ef0_188, v0x600003339ef0_189, v0x600003339ef0_190;
v0x600003339ef0_191 .array/port v0x600003339ef0, 191;
v0x600003339ef0_192 .array/port v0x600003339ef0, 192;
v0x600003339ef0_193 .array/port v0x600003339ef0, 193;
v0x600003339ef0_194 .array/port v0x600003339ef0, 194;
E_0x60000143b6c0/48 .event anyedge, v0x600003339ef0_191, v0x600003339ef0_192, v0x600003339ef0_193, v0x600003339ef0_194;
v0x600003339ef0_195 .array/port v0x600003339ef0, 195;
v0x600003339ef0_196 .array/port v0x600003339ef0, 196;
v0x600003339ef0_197 .array/port v0x600003339ef0, 197;
v0x600003339ef0_198 .array/port v0x600003339ef0, 198;
E_0x60000143b6c0/49 .event anyedge, v0x600003339ef0_195, v0x600003339ef0_196, v0x600003339ef0_197, v0x600003339ef0_198;
v0x600003339ef0_199 .array/port v0x600003339ef0, 199;
v0x600003339ef0_200 .array/port v0x600003339ef0, 200;
v0x600003339ef0_201 .array/port v0x600003339ef0, 201;
v0x600003339ef0_202 .array/port v0x600003339ef0, 202;
E_0x60000143b6c0/50 .event anyedge, v0x600003339ef0_199, v0x600003339ef0_200, v0x600003339ef0_201, v0x600003339ef0_202;
v0x600003339ef0_203 .array/port v0x600003339ef0, 203;
v0x600003339ef0_204 .array/port v0x600003339ef0, 204;
v0x600003339ef0_205 .array/port v0x600003339ef0, 205;
v0x600003339ef0_206 .array/port v0x600003339ef0, 206;
E_0x60000143b6c0/51 .event anyedge, v0x600003339ef0_203, v0x600003339ef0_204, v0x600003339ef0_205, v0x600003339ef0_206;
v0x600003339ef0_207 .array/port v0x600003339ef0, 207;
v0x600003339ef0_208 .array/port v0x600003339ef0, 208;
v0x600003339ef0_209 .array/port v0x600003339ef0, 209;
v0x600003339ef0_210 .array/port v0x600003339ef0, 210;
E_0x60000143b6c0/52 .event anyedge, v0x600003339ef0_207, v0x600003339ef0_208, v0x600003339ef0_209, v0x600003339ef0_210;
v0x600003339ef0_211 .array/port v0x600003339ef0, 211;
v0x600003339ef0_212 .array/port v0x600003339ef0, 212;
v0x600003339ef0_213 .array/port v0x600003339ef0, 213;
v0x600003339ef0_214 .array/port v0x600003339ef0, 214;
E_0x60000143b6c0/53 .event anyedge, v0x600003339ef0_211, v0x600003339ef0_212, v0x600003339ef0_213, v0x600003339ef0_214;
v0x600003339ef0_215 .array/port v0x600003339ef0, 215;
v0x600003339ef0_216 .array/port v0x600003339ef0, 216;
v0x600003339ef0_217 .array/port v0x600003339ef0, 217;
v0x600003339ef0_218 .array/port v0x600003339ef0, 218;
E_0x60000143b6c0/54 .event anyedge, v0x600003339ef0_215, v0x600003339ef0_216, v0x600003339ef0_217, v0x600003339ef0_218;
v0x600003339ef0_219 .array/port v0x600003339ef0, 219;
v0x600003339ef0_220 .array/port v0x600003339ef0, 220;
v0x600003339ef0_221 .array/port v0x600003339ef0, 221;
v0x600003339ef0_222 .array/port v0x600003339ef0, 222;
E_0x60000143b6c0/55 .event anyedge, v0x600003339ef0_219, v0x600003339ef0_220, v0x600003339ef0_221, v0x600003339ef0_222;
v0x600003339ef0_223 .array/port v0x600003339ef0, 223;
v0x600003339ef0_224 .array/port v0x600003339ef0, 224;
v0x600003339ef0_225 .array/port v0x600003339ef0, 225;
v0x600003339ef0_226 .array/port v0x600003339ef0, 226;
E_0x60000143b6c0/56 .event anyedge, v0x600003339ef0_223, v0x600003339ef0_224, v0x600003339ef0_225, v0x600003339ef0_226;
v0x600003339ef0_227 .array/port v0x600003339ef0, 227;
v0x600003339ef0_228 .array/port v0x600003339ef0, 228;
v0x600003339ef0_229 .array/port v0x600003339ef0, 229;
v0x600003339ef0_230 .array/port v0x600003339ef0, 230;
E_0x60000143b6c0/57 .event anyedge, v0x600003339ef0_227, v0x600003339ef0_228, v0x600003339ef0_229, v0x600003339ef0_230;
v0x600003339ef0_231 .array/port v0x600003339ef0, 231;
v0x600003339ef0_232 .array/port v0x600003339ef0, 232;
v0x600003339ef0_233 .array/port v0x600003339ef0, 233;
v0x600003339ef0_234 .array/port v0x600003339ef0, 234;
E_0x60000143b6c0/58 .event anyedge, v0x600003339ef0_231, v0x600003339ef0_232, v0x600003339ef0_233, v0x600003339ef0_234;
v0x600003339ef0_235 .array/port v0x600003339ef0, 235;
v0x600003339ef0_236 .array/port v0x600003339ef0, 236;
v0x600003339ef0_237 .array/port v0x600003339ef0, 237;
v0x600003339ef0_238 .array/port v0x600003339ef0, 238;
E_0x60000143b6c0/59 .event anyedge, v0x600003339ef0_235, v0x600003339ef0_236, v0x600003339ef0_237, v0x600003339ef0_238;
v0x600003339ef0_239 .array/port v0x600003339ef0, 239;
v0x600003339ef0_240 .array/port v0x600003339ef0, 240;
v0x600003339ef0_241 .array/port v0x600003339ef0, 241;
v0x600003339ef0_242 .array/port v0x600003339ef0, 242;
E_0x60000143b6c0/60 .event anyedge, v0x600003339ef0_239, v0x600003339ef0_240, v0x600003339ef0_241, v0x600003339ef0_242;
v0x600003339ef0_243 .array/port v0x600003339ef0, 243;
v0x600003339ef0_244 .array/port v0x600003339ef0, 244;
v0x600003339ef0_245 .array/port v0x600003339ef0, 245;
v0x600003339ef0_246 .array/port v0x600003339ef0, 246;
E_0x60000143b6c0/61 .event anyedge, v0x600003339ef0_243, v0x600003339ef0_244, v0x600003339ef0_245, v0x600003339ef0_246;
v0x600003339ef0_247 .array/port v0x600003339ef0, 247;
v0x600003339ef0_248 .array/port v0x600003339ef0, 248;
v0x600003339ef0_249 .array/port v0x600003339ef0, 249;
v0x600003339ef0_250 .array/port v0x600003339ef0, 250;
E_0x60000143b6c0/62 .event anyedge, v0x600003339ef0_247, v0x600003339ef0_248, v0x600003339ef0_249, v0x600003339ef0_250;
v0x600003339ef0_251 .array/port v0x600003339ef0, 251;
v0x600003339ef0_252 .array/port v0x600003339ef0, 252;
v0x600003339ef0_253 .array/port v0x600003339ef0, 253;
v0x600003339ef0_254 .array/port v0x600003339ef0, 254;
E_0x60000143b6c0/63 .event anyedge, v0x600003339ef0_251, v0x600003339ef0_252, v0x600003339ef0_253, v0x600003339ef0_254;
v0x600003339ef0_255 .array/port v0x600003339ef0, 255;
E_0x60000143b6c0/64 .event anyedge, v0x600003339ef0_255;
E_0x60000143b6c0 .event/or E_0x60000143b6c0/0, E_0x60000143b6c0/1, E_0x60000143b6c0/2, E_0x60000143b6c0/3, E_0x60000143b6c0/4, E_0x60000143b6c0/5, E_0x60000143b6c0/6, E_0x60000143b6c0/7, E_0x60000143b6c0/8, E_0x60000143b6c0/9, E_0x60000143b6c0/10, E_0x60000143b6c0/11, E_0x60000143b6c0/12, E_0x60000143b6c0/13, E_0x60000143b6c0/14, E_0x60000143b6c0/15, E_0x60000143b6c0/16, E_0x60000143b6c0/17, E_0x60000143b6c0/18, E_0x60000143b6c0/19, E_0x60000143b6c0/20, E_0x60000143b6c0/21, E_0x60000143b6c0/22, E_0x60000143b6c0/23, E_0x60000143b6c0/24, E_0x60000143b6c0/25, E_0x60000143b6c0/26, E_0x60000143b6c0/27, E_0x60000143b6c0/28, E_0x60000143b6c0/29, E_0x60000143b6c0/30, E_0x60000143b6c0/31, E_0x60000143b6c0/32, E_0x60000143b6c0/33, E_0x60000143b6c0/34, E_0x60000143b6c0/35, E_0x60000143b6c0/36, E_0x60000143b6c0/37, E_0x60000143b6c0/38, E_0x60000143b6c0/39, E_0x60000143b6c0/40, E_0x60000143b6c0/41, E_0x60000143b6c0/42, E_0x60000143b6c0/43, E_0x60000143b6c0/44, E_0x60000143b6c0/45, E_0x60000143b6c0/46, E_0x60000143b6c0/47, E_0x60000143b6c0/48, E_0x60000143b6c0/49, E_0x60000143b6c0/50, E_0x60000143b6c0/51, E_0x60000143b6c0/52, E_0x60000143b6c0/53, E_0x60000143b6c0/54, E_0x60000143b6c0/55, E_0x60000143b6c0/56, E_0x60000143b6c0/57, E_0x60000143b6c0/58, E_0x60000143b6c0/59, E_0x60000143b6c0/60, E_0x60000143b6c0/61, E_0x60000143b6c0/62, E_0x60000143b6c0/63, E_0x60000143b6c0/64;
    .scope S_0x148605060;
T_0 ;
    %pushi/vec4 0, 0, 8;
    %store/vec4 v0x600003339200_0, 0, 8;
    %end;
    .thread T_0;
    .scope S_0x148605060;
T_1 ;
    %wait E_0x60000143b640;
    %load/vec4 v0x600003339290_0;
    %flag_set/vec4 8;
    %jmp/0xz  T_1.0, 8;
    %load/vec4 v0x600003339200_0;
    %addi 1, 0, 8;
    %assign/vec4 v0x600003339200_0, 0;
T_1.0 ;
    %jmp T_1;
    .thread T_1;
    .scope S_0x148605e40;
T_2 ;
    %pushi/vec4 0, 0, 32;
    %store/vec4 v0x600003339e60_0, 0, 32;
T_2.0 ;
    %load/vec4 v0x600003339e60_0;
    %cmpi/s 256, 0, 32;
    %jmp/0xz T_2.1, 5;
    %pushi/vec4 4369, 0, 16;
    %ix/getv/s 4, v0x600003339e60_0;
    %store/vec4a v0x600003339ef0, 4, 0;
    %load/vec4 v0x600003339e60_0;
    %addi 1, 0, 32;
    %store/vec4 v0x600003339e60_0, 0, 32;
    %jmp T_2.0;
T_2.1 ;
    %pushi/vec4 80, 0, 16;
    %ix/load 4, 0, 0;
    %flag_set/imm 4, 0;
    %store/vec4a v0x600003339ef0, 4, 0;
    %pushi/vec4 5320, 0, 16;
    %ix/load 4, 1, 0;
    %flag_set/imm 4, 0;
    %store/vec4a v0x600003339ef0, 4, 0;
    %end;
    .thread T_2;
    .scope S_0x148605e40;
T_3 ;
    %wait E_0x60000143b6c0;
    %load/vec4 v0x600003339d40_0;
    %pad/u 10;
    %ix/vec4 4;
    %load/vec4a v0x600003339ef0, 4;
    %store/vec4 v0x600003339dd0_0, 0, 16;
    %jmp T_3;
    .thread T_3, $push;
    .scope S_0x1486051d0;
T_4 ;
    %pushi/vec4 1, 0, 8;
    %ix/load 4, 0, 0;
    %flag_set/imm 4, 0;
    %store/vec4a v0x600003339b00, 4, 0;
    %pushi/vec4 2, 0, 8;
    %ix/load 4, 1, 0;
    %flag_set/imm 4, 0;
    %store/vec4a v0x600003339b00, 4, 0;
    %pushi/vec4 3, 0, 8;
    %ix/load 4, 2, 0;
    %flag_set/imm 4, 0;
    %store/vec4a v0x600003339b00, 4, 0;
    %pushi/vec4 4, 0, 8;
    %ix/load 4, 3, 0;
    %flag_set/imm 4, 0;
    %store/vec4a v0x600003339b00, 4, 0;
    %end;
    .thread T_4;
    .scope S_0x1486051d0;
T_5 ;
    %wait E_0x60000143b640;
    %load/vec4 v0x600003339cb0_0;
    %flag_set/vec4 8;
    %jmp/0xz  T_5.0, 8;
    %load/vec4 v0x600003339c20_0;
    %load/vec4 v0x600003339b90_0;
    %pad/u 5;
    %ix/vec4 3;
    %ix/load 4, 0, 0; Constant delay
    %assign/vec4/a/d v0x600003339b00, 0, 4;
T_5.0 ;
    %jmp T_5;
    .thread T_5;
    .scope S_0x148604ae0;
T_6 ;
    %wait E_0x60000143b600;
    %load/vec4 v0x600003339050_0;
    %dup/vec4;
    %pushi/vec4 0, 0, 3;
    %cmp/u;
    %jmp/1 T_6.0, 6;
    %dup/vec4;
    %pushi/vec4 1, 0, 3;
    %cmp/u;
    %jmp/1 T_6.1, 6;
    %dup/vec4;
    %pushi/vec4 2, 0, 3;
    %cmp/u;
    %jmp/1 T_6.2, 6;
    %dup/vec4;
    %pushi/vec4 3, 0, 3;
    %cmp/u;
    %jmp/1 T_6.3, 6;
    %dup/vec4;
    %pushi/vec4 4, 0, 3;
    %cmp/u;
    %jmp/1 T_6.4, 6;
    %dup/vec4;
    %pushi/vec4 5, 0, 3;
    %cmp/u;
    %jmp/1 T_6.5, 6;
    %pushi/vec4 0, 0, 8;
    %store/vec4 v0x6000033390e0_0, 0, 8;
    %jmp T_6.7;
T_6.0 ;
    %load/vec4 v0x600003338f30_0;
    %load/vec4 v0x600003338fc0_0;
    %add;
    %store/vec4 v0x6000033390e0_0, 0, 8;
    %jmp T_6.7;
T_6.1 ;
    %load/vec4 v0x600003338f30_0;
    %load/vec4 v0x600003338fc0_0;
    %sub;
    %store/vec4 v0x6000033390e0_0, 0, 8;
    %jmp T_6.7;
T_6.2 ;
    %load/vec4 v0x600003338f30_0;
    %load/vec4 v0x600003338fc0_0;
    %and;
    %store/vec4 v0x6000033390e0_0, 0, 8;
    %jmp T_6.7;
T_6.3 ;
    %load/vec4 v0x600003338f30_0;
    %load/vec4 v0x600003338fc0_0;
    %or;
    %store/vec4 v0x6000033390e0_0, 0, 8;
    %jmp T_6.7;
T_6.4 ;
    %load/vec4 v0x600003338f30_0;
    %store/vec4 v0x6000033390e0_0, 0, 8;
    %jmp T_6.7;
T_6.5 ;
    %load/vec4 v0x600003338fc0_0;
    %store/vec4 v0x6000033390e0_0, 0, 8;
    %jmp T_6.7;
T_6.7 ;
    %pop/vec4 1;
    %jmp T_6;
    .thread T_6, $push;
    .scope S_0x148604970;
T_7 ;
    %wait E_0x60000143b640;
    %vpi_call 3 29 "$display", "instr=%h (%b) at PC=%0d", v0x60000333a250_0, v0x60000333a250_0, v0x60000333a370_0 {0 0 0};
    %jmp T_7;
    .thread T_7;
    .scope S_0x14860b970;
T_8 ;
    %pushi/vec4 0, 0, 1;
    %store/vec4 v0x60000333a6d0_0, 0, 1;
T_8.0 ;
    %delay 5, 0;
    %load/vec4 v0x60000333a6d0_0;
    %inv;
    %store/vec4 v0x60000333a6d0_0, 0, 1;
    %jmp T_8.0;
    %end;
    .thread T_8;
    .scope S_0x14860b970;
T_9 ;
    %wait E_0x60000143b5c0;
    %vpi_call 2 19 "$display", "Time = %0t ns | R0 = %0d | R1 = %0d | R2 = %0d", $time, v0x60000333a760_0, v0x60000333a7f0_0, v0x60000333a880_0 {0 0 0};
    %jmp T_9;
    .thread T_9;
    .scope S_0x14860b970;
T_10 ;
    %delay 100, 0;
    %vpi_call 2 25 "$finish" {0 0 0};
    %end;
    .thread T_10;
# The file index is used to find the file name in the following table.
:file_names 8;
    "N/A";
    "<interactive>";
    "test/cpu_tb.v";
    "./cpu.v";
    "./alu.v";
    "./pc.v";
    "./regfile.v";
    "./rom.v";
